Copyright 1986-2019 Xilinx, Inc. All Rights Reserved.
------------------------------------------------------------------------------------
| Tool Version : Vivado v.2019.1 (win64) Build 2552052 Fri May 24 14:49:42 MDT 2019
| Date         : Thu Nov  4 10:58:47 2021
| Host         : 104PC23 running 64-bit major release  (build 9200)
| Command      : report_control_sets -verbose -file Top_control_sets_placed.rpt
| Design       : Top
| Device       : xc7a35t
------------------------------------------------------------------------------------

Control Set Information

Table of Contents
-----------------
1. Summary
2. Histogram
3. Flip-Flop Distribution
4. Detailed Control Set Information

1. Summary
----------

+----------------------------------------------------------+-------+
|                          Status                          | Count |
+----------------------------------------------------------+-------+
| Total control sets                                       |    12 |
|    Minimum number of control sets                        |    12 |
|    Addition due to synthesis replication                 |     0 |
|    Addition due to physical synthesis replication        |     0 |
| Unused register locations in slices containing registers |    47 |
+----------------------------------------------------------+-------+
* Control sets can be merged at opt_design using control_set_merge or merge_equivalent_drivers
** Run report_qor_suggestions for automated merging and remapping suggestions


2. Histogram
------------

+--------------------+-------+
|       Fanout       | Count |
+--------------------+-------+
| Total control sets |    12 |
| >= 0 to < 4        |     4 |
| >= 4 to < 6        |     3 |
| >= 6 to < 8        |     1 |
| >= 8 to < 10       |     1 |
| >= 10 to < 12      |     0 |
| >= 12 to < 14      |     0 |
| >= 14 to < 16      |     0 |
| >= 16              |     3 |
+--------------------+-------+
* Control sets can be remapped at either synth_design or opt_design


3. Flip-Flop Distribution
-------------------------

+--------------+-----------------------+------------------------+-----------------+--------------+
| Clock Enable | Synchronous Set/Reset | Asynchronous Set/Reset | Total Registers | Total Slices |
+--------------+-----------------------+------------------------+-----------------+--------------+
| No           | No                    | No                     |              29 |           13 |
| No           | No                    | Yes                    |               0 |            0 |
| No           | Yes                   | No                     |               0 |            0 |
| Yes          | No                    | No                     |              92 |           29 |
| Yes          | No                    | Yes                    |               0 |            0 |
| Yes          | Yes                   | No                     |               0 |            0 |
+--------------+-----------------------+------------------------+-----------------+--------------+


4. Detailed Control Set Information
-----------------------------------

+------------------------------+------------------------------------+------------------+------------------+----------------+
|         Clock Signal         |            Enable Signal           | Set/Reset Signal | Slice Load Count | Bel Load Count |
+------------------------------+------------------------------------+------------------+------------------+----------------+
|  slowit/slowclk/clk_out      | state/CE0                          |                  |                1 |              1 |
|  slowit/slowclk/clk_out      | slowit/slowclk/XLXI_45/CEO         |                  |                1 |              2 |
|  slowit/slowclk/clk_out      | Time/count1/CE0_0                  |                  |                2 |              3 |
|  slowit/slowclk/clk_out      | Time/count1/CE0                    |                  |                1 |              3 |
|  slowit/my_clk_inst/clk_out1 |                                    |                  |                2 |              4 |
|  slowit/my_clk_inst/clk_out1 | slowit/slowclk/XLXI_37/I_36_31_n_0 |                  |                2 |              4 |
|  slowit/my_clk_inst/clk_out1 | slowit/slowclk/XLXI_38/CEO         |                  |                3 |              4 |
|  slowit/slowclk/clk_out      | Game/count2/in                     |                  |                2 |              6 |
|  slowit/slowclk/clk_out      | slowit/slowclk/XLXI_40/TC          |                  |                3 |              8 |
|  slowit/slowclk/clk_out      |                                    |                  |               11 |             25 |
|  slowit/slowclk/clk_out      | slowit/slowclk/qsec3               |                  |                5 |             30 |
|  slowit/slowclk/clk_out      | shift/add                          |                  |                9 |             31 |
+------------------------------+------------------------------------+------------------+------------------+----------------+


