#-----------------------------------------------------------
# Vivado v2019.1 (64-bit)
# SW Build 2552052 on Fri May 24 14:49:42 MDT 2019
# IP Build 2548770 on Fri May 24 18:01:18 MDT 2019
# Start of session at: Tue Oct  5 11:21:32 2021
# Process ID: 4044
# Current directory: C:/Users/pshand/Desktop/LAB_2
# Command line: vivado.exe -gui_launcher_event rodinguilauncherevent4316 C:\Users\pshand\Desktop\LAB_2\LAB_2.xpr
# Log file: C:/Users/pshand/Desktop/LAB_2/vivado.log
# Journal file: C:/Users/pshand/Desktop/LAB_2\vivado.jou
#-----------------------------------------------------------
start_gui
open_project C:/Users/pshand/Desktop/LAB_2/LAB_2.xpr
Scanning sources...
Finished scanning sources
INFO: [IP_Flow 19-234] Refreshing IP repositories
INFO: [IP_Flow 19-1704] No user IP repositories specified
INFO: [IP_Flow 19-2313] Loaded Vivado IP repository 'C:/Xilinx/Vivado/2019.1/data/ip'.
open_project: Time (s): cpu = 00:00:17 ; elapsed = 00:00:13 . Memory (MB): peak = 797.633 ; gain = 204.762
update_compile_order -fileset sources_1
