
*** Running vivado
    with args -log Top.vds -m64 -product Vivado -mode batch -messageDb vivado.pb -notrace -source Top.tcl


****** Vivado v2019.1 (64-bit)
  **** SW Build 2552052 on Fri May 24 14:49:42 MDT 2019
  **** IP Build 2548770 on Fri May 24 18:01:18 MDT 2019
    ** Copyright 1986-2019 Xilinx, Inc. All Rights Reserved.

source Top.tcl -notrace
Command: synth_design -top Top -part xc7a35tcpg236-1
Starting synth_design
Attempting to get a license for feature 'Synthesis' and/or device 'xc7a35t'
INFO: [Common 17-349] Got license for feature 'Synthesis' and/or device 'xc7a35t'
INFO: [Device 21-403] Loading part xc7a35tcpg236-1
INFO: Launching helper process for spawning children vivado processes
INFO: Helper process launched with PID 14936 
---------------------------------------------------------------------------------
Starting RTL Elaboration : Time (s): cpu = 00:00:06 ; elapsed = 00:00:07 . Memory (MB): peak = 793.367 ; gain = 177.934
---------------------------------------------------------------------------------
INFO: [Synth 8-6157] synthesizing module 'Top' [C:/Users/pshand/Desktop/Lab_6/Lab_6.srcs/sources_1/new/Top.v:23]
INFO: [Synth 8-6157] synthesizing module 'StateM' [C:/Users/pshand/Desktop/Lab_6/Lab_6.srcs/sources_1/new/StateM.v:23]
INFO: [Synth 8-6157] synthesizing module 'FDRE' [C:/Xilinx/Vivado/2019.1/scripts/rt/data/unisim_comp.v:13664]
	Parameter INIT bound to: 1'b0 
	Parameter IS_C_INVERTED bound to: 1'b0 
	Parameter IS_D_INVERTED bound to: 1'b0 
	Parameter IS_R_INVERTED bound to: 1'b0 
INFO: [Synth 8-6155] done synthesizing module 'FDRE' (1#1) [C:/Xilinx/Vivado/2019.1/scripts/rt/data/unisim_comp.v:13664]
WARNING: [Synth 8-7023] instance 'Q0_FF' of module 'FDRE' has 5 connections declared, but only 4 given [C:/Users/pshand/Desktop/Lab_6/Lab_6.srcs/sources_1/new/StateM.v:41]
WARNING: [Synth 8-7023] instance 'Q1_FF' of module 'FDRE' has 5 connections declared, but only 4 given [C:/Users/pshand/Desktop/Lab_6/Lab_6.srcs/sources_1/new/StateM.v:42]
WARNING: [Synth 8-7023] instance 'Q2_FF' of module 'FDRE' has 5 connections declared, but only 4 given [C:/Users/pshand/Desktop/Lab_6/Lab_6.srcs/sources_1/new/StateM.v:43]
WARNING: [Synth 8-7023] instance 'CRs' of module 'FDRE' has 5 connections declared, but only 4 given [C:/Users/pshand/Desktop/Lab_6/Lab_6.srcs/sources_1/new/StateM.v:45]
WARNING: [Synth 8-7023] instance 'CLs' of module 'FDRE' has 5 connections declared, but only 4 given [C:/Users/pshand/Desktop/Lab_6/Lab_6.srcs/sources_1/new/StateM.v:46]
INFO: [Synth 8-6155] done synthesizing module 'StateM' (2#1) [C:/Users/pshand/Desktop/Lab_6/Lab_6.srcs/sources_1/new/StateM.v:23]
INFO: [Synth 8-6157] synthesizing module 'lab6_clks' [C:/Users/pshand/Desktop/Lab_6/Lab_6.srcs/sources_1/imports/Desktop/lab6_clks.v:24]
INFO: [Synth 8-6157] synthesizing module 'clk_wiz_0' [C:/Users/pshand/Desktop/Lab_6/Lab_6.srcs/sources_1/imports/Desktop/lab6_clks.v:57]
INFO: [Synth 8-6157] synthesizing module 'IBUF' [C:/Xilinx/Vivado/2019.1/scripts/rt/data/unisim_comp.v:32856]
	Parameter CAPACITANCE bound to: DONT_CARE - type: string 
	Parameter IBUF_DELAY_VALUE bound to: 0 - type: string 
	Parameter IBUF_LOW_PWR bound to: TRUE - type: string 
	Parameter IFD_DELAY_VALUE bound to: AUTO - type: string 
	Parameter IOSTANDARD bound to: DEFAULT - type: string 
INFO: [Synth 8-6155] done synthesizing module 'IBUF' (3#1) [C:/Xilinx/Vivado/2019.1/scripts/rt/data/unisim_comp.v:32856]
INFO: [Synth 8-6157] synthesizing module 'MMCME2_ADV' [C:/Xilinx/Vivado/2019.1/scripts/rt/data/unisim_comp.v:39813]
	Parameter BANDWIDTH bound to: OPTIMIZED - type: string 
	Parameter CLKFBOUT_MULT_F bound to: 9.125000 - type: float 
	Parameter CLKFBOUT_PHASE bound to: 0.000000 - type: float 
	Parameter CLKFBOUT_USE_FINE_PS bound to: FALSE - type: string 
	Parameter CLKIN1_PERIOD bound to: 10.000000 - type: float 
	Parameter CLKIN2_PERIOD bound to: 0.000000 - type: float 
	Parameter CLKOUT0_DIVIDE_F bound to: 36.500000 - type: float 
	Parameter CLKOUT0_DUTY_CYCLE bound to: 0.500000 - type: float 
	Parameter CLKOUT0_PHASE bound to: 0.000000 - type: float 
	Parameter CLKOUT0_USE_FINE_PS bound to: FALSE - type: string 
	Parameter CLKOUT1_DIVIDE bound to: 1 - type: integer 
	Parameter CLKOUT1_DUTY_CYCLE bound to: 0.500000 - type: float 
	Parameter CLKOUT1_PHASE bound to: 0.000000 - type: float 
	Parameter CLKOUT1_USE_FINE_PS bound to: FALSE - type: string 
	Parameter CLKOUT2_DIVIDE bound to: 1 - type: integer 
	Parameter CLKOUT2_DUTY_CYCLE bound to: 0.500000 - type: float 
	Parameter CLKOUT2_PHASE bound to: 0.000000 - type: float 
	Parameter CLKOUT2_USE_FINE_PS bound to: FALSE - type: string 
	Parameter CLKOUT3_DIVIDE bound to: 1 - type: integer 
	Parameter CLKOUT3_DUTY_CYCLE bound to: 0.500000 - type: float 
	Parameter CLKOUT3_PHASE bound to: 0.000000 - type: float 
	Parameter CLKOUT3_USE_FINE_PS bound to: FALSE - type: string 
	Parameter CLKOUT4_CASCADE bound to: FALSE - type: string 
	Parameter CLKOUT4_DIVIDE bound to: 1 - type: integer 
	Parameter CLKOUT4_DUTY_CYCLE bound to: 0.500000 - type: float 
	Parameter CLKOUT4_PHASE bound to: 0.000000 - type: float 
	Parameter CLKOUT4_USE_FINE_PS bound to: FALSE - type: string 
	Parameter CLKOUT5_DIVIDE bound to: 1 - type: integer 
	Parameter CLKOUT5_DUTY_CYCLE bound to: 0.500000 - type: float 
	Parameter CLKOUT5_PHASE bound to: 0.000000 - type: float 
	Parameter CLKOUT5_USE_FINE_PS bound to: FALSE - type: string 
	Parameter CLKOUT6_DIVIDE bound to: 1 - type: integer 
	Parameter CLKOUT6_DUTY_CYCLE bound to: 0.500000 - type: float 
	Parameter CLKOUT6_PHASE bound to: 0.000000 - type: float 
	Parameter CLKOUT6_USE_FINE_PS bound to: FALSE - type: string 
	Parameter COMPENSATION bound to: ZHOLD - type: string 
	Parameter DIVCLK_DIVIDE bound to: 1 - type: integer 
	Parameter IS_CLKINSEL_INVERTED bound to: 1'b0 
	Parameter IS_PSEN_INVERTED bound to: 1'b0 
	Parameter IS_PSINCDEC_INVERTED bound to: 1'b0 
	Parameter IS_PWRDWN_INVERTED bound to: 1'b0 
	Parameter IS_RST_INVERTED bound to: 1'b0 
	Parameter REF_JITTER1 bound to: 0.010000 - type: float 
	Parameter REF_JITTER2 bound to: 0.010000 - type: float 
	Parameter SS_EN bound to: FALSE - type: string 
	Parameter SS_MODE bound to: CENTER_HIGH - type: string 
	Parameter SS_MOD_PERIOD bound to: 10000 - type: integer 
	Parameter STARTUP_WAIT bound to: FALSE - type: string 
INFO: [Synth 8-6155] done synthesizing module 'MMCME2_ADV' (4#1) [C:/Xilinx/Vivado/2019.1/scripts/rt/data/unisim_comp.v:39813]
INFO: [Synth 8-6157] synthesizing module 'BUFG' [C:/Xilinx/Vivado/2019.1/scripts/rt/data/unisim_comp.v:1075]
INFO: [Synth 8-6155] done synthesizing module 'BUFG' (5#1) [C:/Xilinx/Vivado/2019.1/scripts/rt/data/unisim_comp.v:1075]
INFO: [Synth 8-6155] done synthesizing module 'clk_wiz_0' (6#1) [C:/Users/pshand/Desktop/Lab_6/Lab_6.srcs/sources_1/imports/Desktop/lab6_clks.v:57]
INFO: [Synth 8-6157] synthesizing module 'clkcntrl4' [C:/Users/pshand/Desktop/Lab_6/Lab_6.srcs/sources_1/imports/Desktop/lab6_clks.v:190]
INFO: [Synth 8-6157] synthesizing module 'GND' [C:/Xilinx/Vivado/2019.1/scripts/rt/data/unisim_comp.v:14643]
INFO: [Synth 8-6155] done synthesizing module 'GND' (7#1) [C:/Xilinx/Vivado/2019.1/scripts/rt/data/unisim_comp.v:14643]
INFO: [Synth 8-6157] synthesizing module 'CB4CE_MXILINX_clkcntrl4' [C:/Users/pshand/Desktop/Lab_6/Lab_6.srcs/sources_1/imports/Desktop/lab6_clks.v:328]
INFO: [Synth 8-6157] synthesizing module 'FTCE_MXILINX_clkcntrl4' [C:/Users/pshand/Desktop/Lab_6/Lab_6.srcs/sources_1/imports/Desktop/lab6_clks.v:298]
	Parameter INIT bound to: 1'b0 
INFO: [Synth 8-6157] synthesizing module 'XOR2' [C:/Xilinx/Vivado/2019.1/scripts/rt/data/unisim_comp.v:81988]
INFO: [Synth 8-6155] done synthesizing module 'XOR2' (8#1) [C:/Xilinx/Vivado/2019.1/scripts/rt/data/unisim_comp.v:81988]
INFO: [Synth 8-6157] synthesizing module 'FDCE' [C:/Xilinx/Vivado/2019.1/scripts/rt/data/unisim_comp.v:13448]
	Parameter INIT bound to: 1'b0 
	Parameter IS_CLR_INVERTED bound to: 1'b0 
	Parameter IS_C_INVERTED bound to: 1'b0 
	Parameter IS_D_INVERTED bound to: 1'b0 
INFO: [Synth 8-6155] done synthesizing module 'FDCE' (9#1) [C:/Xilinx/Vivado/2019.1/scripts/rt/data/unisim_comp.v:13448]
INFO: [Synth 8-6155] done synthesizing module 'FTCE_MXILINX_clkcntrl4' (10#1) [C:/Users/pshand/Desktop/Lab_6/Lab_6.srcs/sources_1/imports/Desktop/lab6_clks.v:298]
INFO: [Synth 8-6157] synthesizing module 'AND4' [C:/Xilinx/Vivado/2019.1/scripts/rt/data/unisim_comp.v:562]
INFO: [Synth 8-6155] done synthesizing module 'AND4' (11#1) [C:/Xilinx/Vivado/2019.1/scripts/rt/data/unisim_comp.v:562]
INFO: [Synth 8-6157] synthesizing module 'AND3' [C:/Xilinx/Vivado/2019.1/scripts/rt/data/unisim_comp.v:514]
INFO: [Synth 8-6155] done synthesizing module 'AND3' (12#1) [C:/Xilinx/Vivado/2019.1/scripts/rt/data/unisim_comp.v:514]
INFO: [Synth 8-6157] synthesizing module 'AND2' [C:/Xilinx/Vivado/2019.1/scripts/rt/data/unisim_comp.v:466]
INFO: [Synth 8-6155] done synthesizing module 'AND2' (13#1) [C:/Xilinx/Vivado/2019.1/scripts/rt/data/unisim_comp.v:466]
INFO: [Synth 8-6157] synthesizing module 'VCC' [C:/Xilinx/Vivado/2019.1/scripts/rt/data/unisim_comp.v:81391]
INFO: [Synth 8-6155] done synthesizing module 'VCC' (14#1) [C:/Xilinx/Vivado/2019.1/scripts/rt/data/unisim_comp.v:81391]
INFO: [Synth 8-6155] done synthesizing module 'CB4CE_MXILINX_clkcntrl4' (15#1) [C:/Users/pshand/Desktop/Lab_6/Lab_6.srcs/sources_1/imports/Desktop/lab6_clks.v:328]
INFO: [Synth 8-6157] synthesizing module 'BUF' [C:/Xilinx/Vivado/2019.1/scripts/rt/data/unisim_comp.v:1021]
INFO: [Synth 8-6155] done synthesizing module 'BUF' (16#1) [C:/Xilinx/Vivado/2019.1/scripts/rt/data/unisim_comp.v:1021]
INFO: [Synth 8-6155] done synthesizing module 'clkcntrl4' (17#1) [C:/Users/pshand/Desktop/Lab_6/Lab_6.srcs/sources_1/imports/Desktop/lab6_clks.v:190]
WARNING: [Synth 8-4446] all outputs are unconnected for this instance and logic may be removed [C:/Users/pshand/Desktop/Lab_6/Lab_6.srcs/sources_1/imports/Desktop/lab6_clks.v:40]
INFO: [Synth 8-6157] synthesizing module 'STARTUPE2' [C:/Xilinx/Vivado/2019.1/scripts/rt/data/unisim_comp.v:77870]
	Parameter PROG_USR bound to: FALSE - type: string 
	Parameter SIM_CCLK_FREQ bound to: 0.000000 - type: float 
INFO: [Synth 8-6155] done synthesizing module 'STARTUPE2' (18#1) [C:/Xilinx/Vivado/2019.1/scripts/rt/data/unisim_comp.v:77870]
INFO: [Synth 8-6155] done synthesizing module 'lab6_clks' (19#1) [C:/Users/pshand/Desktop/Lab_6/Lab_6.srcs/sources_1/imports/Desktop/lab6_clks.v:24]
WARNING: [Synth 8-7023] instance 'slowit' of module 'lab6_clks' has 6 connections declared, but only 5 given [C:/Users/pshand/Desktop/Lab_6/Lab_6.srcs/sources_1/new/Top.v:45]
INFO: [Synth 8-6157] synthesizing module 'RingCount' [C:/Users/pshand/Desktop/Lab_6/Lab_6.srcs/sources_1/imports/sources_1/new/RingCount.v:23]
INFO: [Synth 8-6157] synthesizing module 'FDRE__parameterized0' [C:/Xilinx/Vivado/2019.1/scripts/rt/data/unisim_comp.v:13664]
	Parameter INIT bound to: 1'b1 
	Parameter IS_C_INVERTED bound to: 1'b0 
	Parameter IS_D_INVERTED bound to: 1'b0 
	Parameter IS_R_INVERTED bound to: 1'b0 
INFO: [Synth 8-6155] done synthesizing module 'FDRE__parameterized0' (19#1) [C:/Xilinx/Vivado/2019.1/scripts/rt/data/unisim_comp.v:13664]
WARNING: [Synth 8-7023] instance 'Q0_FF' of module 'FDRE' has 5 connections declared, but only 4 given [C:/Users/pshand/Desktop/Lab_6/Lab_6.srcs/sources_1/imports/sources_1/new/RingCount.v:30]
WARNING: [Synth 8-7023] instance 'Q1_FF' of module 'FDRE' has 5 connections declared, but only 4 given [C:/Users/pshand/Desktop/Lab_6/Lab_6.srcs/sources_1/imports/sources_1/new/RingCount.v:31]
WARNING: [Synth 8-7023] instance 'Q2_FF' of module 'FDRE' has 5 connections declared, but only 4 given [C:/Users/pshand/Desktop/Lab_6/Lab_6.srcs/sources_1/imports/sources_1/new/RingCount.v:32]
WARNING: [Synth 8-7023] instance 'Q3_FF' of module 'FDRE' has 5 connections declared, but only 4 given [C:/Users/pshand/Desktop/Lab_6/Lab_6.srcs/sources_1/imports/sources_1/new/RingCount.v:33]
INFO: [Synth 8-6155] done synthesizing module 'RingCount' (20#1) [C:/Users/pshand/Desktop/Lab_6/Lab_6.srcs/sources_1/imports/sources_1/new/RingCount.v:23]
INFO: [Synth 8-6157] synthesizing module 'Selector' [C:/Users/pshand/Desktop/Lab_6/Lab_6.srcs/sources_1/imports/sources_1/new/Selector.v:23]
INFO: [Synth 8-6155] done synthesizing module 'Selector' (21#1) [C:/Users/pshand/Desktop/Lab_6/Lab_6.srcs/sources_1/imports/sources_1/new/Selector.v:23]
INFO: [Synth 8-6157] synthesizing module 'hex7seg' [C:/Users/pshand/Desktop/Lab_6/Lab_6.srcs/sources_1/imports/sources_1/imports/new/hex7seg.v:23]
INFO: [Synth 8-6155] done synthesizing module 'hex7seg' (22#1) [C:/Users/pshand/Desktop/Lab_6/Lab_6.srcs/sources_1/imports/sources_1/imports/new/hex7seg.v:23]
INFO: [Synth 8-6157] synthesizing module 'CountSec' [C:/Users/pshand/Desktop/Lab_6/Lab_6.srcs/sources_1/imports/new/CountSec.v:23]
WARNING: [Synth 8-7023] instance 'sec0' of module 'FDRE' has 5 connections declared, but only 4 given [C:/Users/pshand/Desktop/Lab_6/Lab_6.srcs/sources_1/imports/new/CountSec.v:40]
WARNING: [Synth 8-7023] instance 'sec1' of module 'FDRE' has 5 connections declared, but only 4 given [C:/Users/pshand/Desktop/Lab_6/Lab_6.srcs/sources_1/imports/new/CountSec.v:41]
WARNING: [Synth 8-7023] instance 'sec2' of module 'FDRE' has 5 connections declared, but only 4 given [C:/Users/pshand/Desktop/Lab_6/Lab_6.srcs/sources_1/imports/new/CountSec.v:42]
WARNING: [Synth 8-7023] instance 'sec3' of module 'FDRE' has 5 connections declared, but only 4 given [C:/Users/pshand/Desktop/Lab_6/Lab_6.srcs/sources_1/imports/new/CountSec.v:43]
WARNING: [Synth 8-7023] instance 'sec4' of module 'FDRE' has 5 connections declared, but only 4 given [C:/Users/pshand/Desktop/Lab_6/Lab_6.srcs/sources_1/imports/new/CountSec.v:45]
WARNING: [Synth 8-7023] instance 'sec5' of module 'FDRE' has 5 connections declared, but only 4 given [C:/Users/pshand/Desktop/Lab_6/Lab_6.srcs/sources_1/imports/new/CountSec.v:46]
WARNING: [Synth 8-7023] instance 'sec6' of module 'FDRE' has 5 connections declared, but only 4 given [C:/Users/pshand/Desktop/Lab_6/Lab_6.srcs/sources_1/imports/new/CountSec.v:47]
WARNING: [Synth 8-7023] instance 'sec7' of module 'FDRE' has 5 connections declared, but only 4 given [C:/Users/pshand/Desktop/Lab_6/Lab_6.srcs/sources_1/imports/new/CountSec.v:48]
WARNING: [Synth 8-7023] instance 'sec8' of module 'FDRE' has 5 connections declared, but only 4 given [C:/Users/pshand/Desktop/Lab_6/Lab_6.srcs/sources_1/imports/new/CountSec.v:50]
WARNING: [Synth 8-7023] instance 'sec9' of module 'FDRE' has 5 connections declared, but only 4 given [C:/Users/pshand/Desktop/Lab_6/Lab_6.srcs/sources_1/imports/new/CountSec.v:51]
WARNING: [Synth 8-7023] instance 'sec10' of module 'FDRE' has 5 connections declared, but only 4 given [C:/Users/pshand/Desktop/Lab_6/Lab_6.srcs/sources_1/imports/new/CountSec.v:52]
WARNING: [Synth 8-7023] instance 'sec11' of module 'FDRE' has 5 connections declared, but only 4 given [C:/Users/pshand/Desktop/Lab_6/Lab_6.srcs/sources_1/imports/new/CountSec.v:53]
WARNING: [Synth 8-7023] instance 'sec12' of module 'FDRE' has 5 connections declared, but only 4 given [C:/Users/pshand/Desktop/Lab_6/Lab_6.srcs/sources_1/imports/new/CountSec.v:55]
WARNING: [Synth 8-7023] instance 'sec13' of module 'FDRE' has 5 connections declared, but only 4 given [C:/Users/pshand/Desktop/Lab_6/Lab_6.srcs/sources_1/imports/new/CountSec.v:56]
WARNING: [Synth 8-7023] instance 'sec14' of module 'FDRE' has 5 connections declared, but only 4 given [C:/Users/pshand/Desktop/Lab_6/Lab_6.srcs/sources_1/imports/new/CountSec.v:57]
WARNING: [Synth 8-7023] instance 'sec15' of module 'FDRE' has 5 connections declared, but only 4 given [C:/Users/pshand/Desktop/Lab_6/Lab_6.srcs/sources_1/imports/new/CountSec.v:58]
WARNING: [Synth 8-7023] instance 'sec16' of module 'FDRE' has 5 connections declared, but only 4 given [C:/Users/pshand/Desktop/Lab_6/Lab_6.srcs/sources_1/imports/new/CountSec.v:60]
WARNING: [Synth 8-7023] instance 'sec17' of module 'FDRE' has 5 connections declared, but only 4 given [C:/Users/pshand/Desktop/Lab_6/Lab_6.srcs/sources_1/imports/new/CountSec.v:61]
WARNING: [Synth 8-7023] instance 'sec18' of module 'FDRE' has 5 connections declared, but only 4 given [C:/Users/pshand/Desktop/Lab_6/Lab_6.srcs/sources_1/imports/new/CountSec.v:62]
WARNING: [Synth 8-7023] instance 'sec19' of module 'FDRE' has 5 connections declared, but only 4 given [C:/Users/pshand/Desktop/Lab_6/Lab_6.srcs/sources_1/imports/new/CountSec.v:63]
WARNING: [Synth 8-7023] instance 'sec20' of module 'FDRE' has 5 connections declared, but only 4 given [C:/Users/pshand/Desktop/Lab_6/Lab_6.srcs/sources_1/imports/new/CountSec.v:65]
WARNING: [Synth 8-7023] instance 'sec21' of module 'FDRE' has 5 connections declared, but only 4 given [C:/Users/pshand/Desktop/Lab_6/Lab_6.srcs/sources_1/imports/new/CountSec.v:66]
WARNING: [Synth 8-7023] instance 'sec22' of module 'FDRE' has 5 connections declared, but only 4 given [C:/Users/pshand/Desktop/Lab_6/Lab_6.srcs/sources_1/imports/new/CountSec.v:67]
WARNING: [Synth 8-7023] instance 'sec23' of module 'FDRE' has 5 connections declared, but only 4 given [C:/Users/pshand/Desktop/Lab_6/Lab_6.srcs/sources_1/imports/new/CountSec.v:68]
WARNING: [Synth 8-7023] instance 'sec24' of module 'FDRE' has 5 connections declared, but only 4 given [C:/Users/pshand/Desktop/Lab_6/Lab_6.srcs/sources_1/imports/new/CountSec.v:70]
WARNING: [Synth 8-7023] instance 'sec25' of module 'FDRE' has 5 connections declared, but only 4 given [C:/Users/pshand/Desktop/Lab_6/Lab_6.srcs/sources_1/imports/new/CountSec.v:71]
WARNING: [Synth 8-7023] instance 'sec26' of module 'FDRE' has 5 connections declared, but only 4 given [C:/Users/pshand/Desktop/Lab_6/Lab_6.srcs/sources_1/imports/new/CountSec.v:72]
WARNING: [Synth 8-7023] instance 'sec27' of module 'FDRE' has 5 connections declared, but only 4 given [C:/Users/pshand/Desktop/Lab_6/Lab_6.srcs/sources_1/imports/new/CountSec.v:73]
WARNING: [Synth 8-7023] instance 'sec28' of module 'FDRE' has 5 connections declared, but only 4 given [C:/Users/pshand/Desktop/Lab_6/Lab_6.srcs/sources_1/imports/new/CountSec.v:75]
WARNING: [Synth 8-7023] instance 'sec29' of module 'FDRE' has 5 connections declared, but only 4 given [C:/Users/pshand/Desktop/Lab_6/Lab_6.srcs/sources_1/imports/new/CountSec.v:76]
WARNING: [Synth 8-7023] instance 'sec30' of module 'FDRE' has 5 connections declared, but only 4 given [C:/Users/pshand/Desktop/Lab_6/Lab_6.srcs/sources_1/imports/new/CountSec.v:77]
WARNING: [Synth 8-7023] instance 'sec31' of module 'FDRE' has 5 connections declared, but only 4 given [C:/Users/pshand/Desktop/Lab_6/Lab_6.srcs/sources_1/imports/new/CountSec.v:78]
WARNING: [Synth 8-7023] instance 'sec32' of module 'FDRE' has 5 connections declared, but only 4 given [C:/Users/pshand/Desktop/Lab_6/Lab_6.srcs/sources_1/imports/new/CountSec.v:80]
WARNING: [Synth 8-7023] instance 'sec33' of module 'FDRE' has 5 connections declared, but only 4 given [C:/Users/pshand/Desktop/Lab_6/Lab_6.srcs/sources_1/imports/new/CountSec.v:81]
WARNING: [Synth 8-7023] instance 'sec34' of module 'FDRE' has 5 connections declared, but only 4 given [C:/Users/pshand/Desktop/Lab_6/Lab_6.srcs/sources_1/imports/new/CountSec.v:82]
WARNING: [Synth 8-7023] instance 'sec35' of module 'FDRE' has 5 connections declared, but only 4 given [C:/Users/pshand/Desktop/Lab_6/Lab_6.srcs/sources_1/imports/new/CountSec.v:83]
WARNING: [Synth 8-7023] instance 'sec36' of module 'FDRE' has 5 connections declared, but only 4 given [C:/Users/pshand/Desktop/Lab_6/Lab_6.srcs/sources_1/imports/new/CountSec.v:85]
WARNING: [Synth 8-7023] instance 'sec37' of module 'FDRE' has 5 connections declared, but only 4 given [C:/Users/pshand/Desktop/Lab_6/Lab_6.srcs/sources_1/imports/new/CountSec.v:86]
WARNING: [Synth 8-7023] instance 'sec38' of module 'FDRE' has 5 connections declared, but only 4 given [C:/Users/pshand/Desktop/Lab_6/Lab_6.srcs/sources_1/imports/new/CountSec.v:87]
WARNING: [Synth 8-7023] instance 'sec39' of module 'FDRE' has 5 connections declared, but only 4 given [C:/Users/pshand/Desktop/Lab_6/Lab_6.srcs/sources_1/imports/new/CountSec.v:88]
WARNING: [Synth 8-7023] instance 'sec40' of module 'FDRE' has 5 connections declared, but only 4 given [C:/Users/pshand/Desktop/Lab_6/Lab_6.srcs/sources_1/imports/new/CountSec.v:90]
WARNING: [Synth 8-7023] instance 'sec41' of module 'FDRE' has 5 connections declared, but only 4 given [C:/Users/pshand/Desktop/Lab_6/Lab_6.srcs/sources_1/imports/new/CountSec.v:91]
WARNING: [Synth 8-7023] instance 'sec42' of module 'FDRE' has 5 connections declared, but only 4 given [C:/Users/pshand/Desktop/Lab_6/Lab_6.srcs/sources_1/imports/new/CountSec.v:92]
WARNING: [Synth 8-7023] instance 'sec43' of module 'FDRE' has 5 connections declared, but only 4 given [C:/Users/pshand/Desktop/Lab_6/Lab_6.srcs/sources_1/imports/new/CountSec.v:93]
WARNING: [Synth 8-7023] instance 'sec44' of module 'FDRE' has 5 connections declared, but only 4 given [C:/Users/pshand/Desktop/Lab_6/Lab_6.srcs/sources_1/imports/new/CountSec.v:95]
WARNING: [Synth 8-7023] instance 'sec45' of module 'FDRE' has 5 connections declared, but only 4 given [C:/Users/pshand/Desktop/Lab_6/Lab_6.srcs/sources_1/imports/new/CountSec.v:96]
WARNING: [Synth 8-7023] instance 'sec46' of module 'FDRE' has 5 connections declared, but only 4 given [C:/Users/pshand/Desktop/Lab_6/Lab_6.srcs/sources_1/imports/new/CountSec.v:97]
WARNING: [Synth 8-7023] instance 'sec47' of module 'FDRE' has 5 connections declared, but only 4 given [C:/Users/pshand/Desktop/Lab_6/Lab_6.srcs/sources_1/imports/new/CountSec.v:98]
WARNING: [Synth 8-7023] instance 'sec48' of module 'FDRE' has 5 connections declared, but only 4 given [C:/Users/pshand/Desktop/Lab_6/Lab_6.srcs/sources_1/imports/new/CountSec.v:100]
WARNING: [Synth 8-7023] instance 'sec49' of module 'FDRE' has 5 connections declared, but only 4 given [C:/Users/pshand/Desktop/Lab_6/Lab_6.srcs/sources_1/imports/new/CountSec.v:101]
WARNING: [Synth 8-7023] instance 'sec50' of module 'FDRE' has 5 connections declared, but only 4 given [C:/Users/pshand/Desktop/Lab_6/Lab_6.srcs/sources_1/imports/new/CountSec.v:102]
WARNING: [Synth 8-7023] instance 'sec51' of module 'FDRE' has 5 connections declared, but only 4 given [C:/Users/pshand/Desktop/Lab_6/Lab_6.srcs/sources_1/imports/new/CountSec.v:103]
WARNING: [Synth 8-7023] instance 'sec52' of module 'FDRE' has 5 connections declared, but only 4 given [C:/Users/pshand/Desktop/Lab_6/Lab_6.srcs/sources_1/imports/new/CountSec.v:105]
WARNING: [Synth 8-7023] instance 'sec53' of module 'FDRE' has 5 connections declared, but only 4 given [C:/Users/pshand/Desktop/Lab_6/Lab_6.srcs/sources_1/imports/new/CountSec.v:106]
WARNING: [Synth 8-7023] instance 'sec54' of module 'FDRE' has 5 connections declared, but only 4 given [C:/Users/pshand/Desktop/Lab_6/Lab_6.srcs/sources_1/imports/new/CountSec.v:107]
WARNING: [Synth 8-7023] instance 'sec55' of module 'FDRE' has 5 connections declared, but only 4 given [C:/Users/pshand/Desktop/Lab_6/Lab_6.srcs/sources_1/imports/new/CountSec.v:108]
WARNING: [Synth 8-7023] instance 'sec56' of module 'FDRE' has 5 connections declared, but only 4 given [C:/Users/pshand/Desktop/Lab_6/Lab_6.srcs/sources_1/imports/new/CountSec.v:110]
WARNING: [Synth 8-7023] instance 'sec57' of module 'FDRE' has 5 connections declared, but only 4 given [C:/Users/pshand/Desktop/Lab_6/Lab_6.srcs/sources_1/imports/new/CountSec.v:111]
WARNING: [Synth 8-7023] instance 'sec58' of module 'FDRE' has 5 connections declared, but only 4 given [C:/Users/pshand/Desktop/Lab_6/Lab_6.srcs/sources_1/imports/new/CountSec.v:112]
WARNING: [Synth 8-7023] instance 'sec59' of module 'FDRE' has 5 connections declared, but only 4 given [C:/Users/pshand/Desktop/Lab_6/Lab_6.srcs/sources_1/imports/new/CountSec.v:113]
INFO: [Synth 8-6155] done synthesizing module 'CountSec' (23#1) [C:/Users/pshand/Desktop/Lab_6/Lab_6.srcs/sources_1/imports/new/CountSec.v:23]
WARNING: [Synth 8-7023] instance 'negative' of module 'FDRE' has 5 connections declared, but only 4 given [C:/Users/pshand/Desktop/Lab_6/Lab_6.srcs/sources_1/new/Top.v:58]
INFO: [Synth 8-6157] synthesizing module 'fatbitcount' [C:/Users/pshand/Desktop/Lab_6/Lab_6.srcs/sources_1/imports/sources_1/new/countUD4L.v:50]
INFO: [Synth 8-6157] synthesizing module 'countUD4L' [C:/Users/pshand/Desktop/Lab_6/Lab_6.srcs/sources_1/imports/sources_1/new/countUD4L.v:23]
WARNING: [Synth 8-7023] instance 'Q0_FF' of module 'FDRE' has 5 connections declared, but only 4 given [C:/Users/pshand/Desktop/Lab_6/Lab_6.srcs/sources_1/imports/sources_1/new/countUD4L.v:43]
WARNING: [Synth 8-7023] instance 'Q1_FF' of module 'FDRE' has 5 connections declared, but only 4 given [C:/Users/pshand/Desktop/Lab_6/Lab_6.srcs/sources_1/imports/sources_1/new/countUD4L.v:44]
WARNING: [Synth 8-7023] instance 'Q2_FF' of module 'FDRE' has 5 connections declared, but only 4 given [C:/Users/pshand/Desktop/Lab_6/Lab_6.srcs/sources_1/imports/sources_1/new/countUD4L.v:45]
WARNING: [Synth 8-7023] instance 'Q3_FF' of module 'FDRE' has 5 connections declared, but only 4 given [C:/Users/pshand/Desktop/Lab_6/Lab_6.srcs/sources_1/imports/sources_1/new/countUD4L.v:46]
INFO: [Synth 8-6155] done synthesizing module 'countUD4L' (24#1) [C:/Users/pshand/Desktop/Lab_6/Lab_6.srcs/sources_1/imports/sources_1/new/countUD4L.v:23]
INFO: [Synth 8-6155] done synthesizing module 'fatbitcount' (25#1) [C:/Users/pshand/Desktop/Lab_6/Lab_6.srcs/sources_1/imports/sources_1/new/countUD4L.v:50]
WARNING: [Synth 8-689] width (7) of port connection 'Q' does not match port width (16) of module 'fatbitcount' [C:/Users/pshand/Desktop/Lab_6/Lab_6.srcs/sources_1/new/Top.v:63]
WARNING: [Synth 8-7023] instance 'turkeyc' of module 'fatbitcount' has 8 connections declared, but only 6 given [C:/Users/pshand/Desktop/Lab_6/Lab_6.srcs/sources_1/new/Top.v:63]
INFO: [Synth 8-6155] done synthesizing module 'Top' (26#1) [C:/Users/pshand/Desktop/Lab_6/Lab_6.srcs/sources_1/new/Top.v:23]
WARNING: [Synth 8-3917] design Top has port dp driven by constant 1
WARNING: [Synth 8-3917] design Top has port led[14] driven by constant 0
WARNING: [Synth 8-3917] design Top has port led[13] driven by constant 0
WARNING: [Synth 8-3917] design Top has port led[12] driven by constant 0
WARNING: [Synth 8-3917] design Top has port led[11] driven by constant 0
WARNING: [Synth 8-3917] design Top has port led[10] driven by constant 0
WARNING: [Synth 8-3917] design Top has port led[8] driven by constant 0
WARNING: [Synth 8-3917] design Top has port led[7] driven by constant 0
WARNING: [Synth 8-3917] design Top has port led[6] driven by constant 0
WARNING: [Synth 8-3917] design Top has port led[5] driven by constant 0
WARNING: [Synth 8-3917] design Top has port led[4] driven by constant 0
WARNING: [Synth 8-3917] design Top has port led[3] driven by constant 0
WARNING: [Synth 8-3917] design Top has port led[2] driven by constant 0
WARNING: [Synth 8-3917] design Top has port led[1] driven by constant 0
WARNING: [Synth 8-3917] design Top has port led[0] driven by constant 0
---------------------------------------------------------------------------------
Finished RTL Elaboration : Time (s): cpu = 00:00:08 ; elapsed = 00:00:09 . Memory (MB): peak = 857.676 ; gain = 242.242
---------------------------------------------------------------------------------

Report Check Netlist: 
+------+------------------+-------+---------+-------+------------------+
|      |Item              |Errors |Warnings |Status |Description       |
+------+------------------+-------+---------+-------+------------------+
|1     |multi_driven_nets |      0|        0|Passed |Multi driven nets |
+------+------------------+-------+---------+-------+------------------+
---------------------------------------------------------------------------------
Start Handling Custom Attributes
---------------------------------------------------------------------------------
---------------------------------------------------------------------------------
Finished Handling Custom Attributes : Time (s): cpu = 00:00:08 ; elapsed = 00:00:09 . Memory (MB): peak = 857.676 ; gain = 242.242
---------------------------------------------------------------------------------
---------------------------------------------------------------------------------
Finished RTL Optimization Phase 1 : Time (s): cpu = 00:00:08 ; elapsed = 00:00:09 . Memory (MB): peak = 857.676 ; gain = 242.242
---------------------------------------------------------------------------------
INFO: [Netlist 29-17] Analyzing 54 Unisim elements for replacement
INFO: [Netlist 29-28] Unisim Transformation completed in 0 CPU seconds
INFO: [Project 1-570] Preparing netlist for logic optimization

Processing XDC Constraints
Initializing timing engine
Parsing XDC File [C:/Users/pshand/Desktop/Lab_6/Lab_6.srcs/constrs_1/imports/Desktop/Basys3_Master.xdc]
Finished Parsing XDC File [C:/Users/pshand/Desktop/Lab_6/Lab_6.srcs/constrs_1/imports/Desktop/Basys3_Master.xdc]
INFO: [Project 1-236] Implementation specific constraints were found while reading constraint file [C:/Users/pshand/Desktop/Lab_6/Lab_6.srcs/constrs_1/imports/Desktop/Basys3_Master.xdc]. These constraints will be ignored for synthesis but will be used in implementation. Impacted constraints are listed in the file [.Xil/Top_propImpl.xdc].
Resolution: To avoid this warning, move constraints listed in [.Xil/Top_propImpl.xdc] to another XDC file and exclude this new file from synthesis with the used_in_synthesis property (File Properties dialog in GUI) and re-run elaboration/synthesis.
INFO: [Timing 38-2] Deriving generated clocks
Completed Processing XDC Constraints

Netlist sorting complete. Time (s): cpu = 00:00:00 ; elapsed = 00:00:00 . Memory (MB): peak = 985.730 ; gain = 0.000
INFO: [Project 1-111] Unisim Transformation Summary:
  A total of 52 instances were transformed.
  AND2 => LUT2: 12 instances
  AND3 => LUT3: 7 instances
  AND4 => LUT4: 6 instances
  BUF => LUT1: 3 instances
  XOR2 => LUT2: 24 instances

Constraint Validation Runtime : Time (s): cpu = 00:00:00 ; elapsed = 00:00:00.011 . Memory (MB): peak = 985.730 ; gain = 0.000
---------------------------------------------------------------------------------
Finished Constraint Validation : Time (s): cpu = 00:00:19 ; elapsed = 00:00:20 . Memory (MB): peak = 985.730 ; gain = 370.297
---------------------------------------------------------------------------------
---------------------------------------------------------------------------------
Start Loading Part and Timing Information
---------------------------------------------------------------------------------
Loading part: xc7a35tcpg236-1
---------------------------------------------------------------------------------
Finished Loading Part and Timing Information : Time (s): cpu = 00:00:19 ; elapsed = 00:00:20 . Memory (MB): peak = 985.730 ; gain = 370.297
---------------------------------------------------------------------------------
---------------------------------------------------------------------------------
Start Applying 'set_property' XDC Constraints
---------------------------------------------------------------------------------
---------------------------------------------------------------------------------
Finished applying 'set_property' XDC Constraints : Time (s): cpu = 00:00:19 ; elapsed = 00:00:21 . Memory (MB): peak = 985.730 ; gain = 370.297
---------------------------------------------------------------------------------
---------------------------------------------------------------------------------
Finished RTL Optimization Phase 2 : Time (s): cpu = 00:00:20 ; elapsed = 00:00:21 . Memory (MB): peak = 985.730 ; gain = 370.297
---------------------------------------------------------------------------------

Report RTL Partitions: 
+-+--------------+------------+----------+
| |RTL Partition |Replication |Instances |
+-+--------------+------------+----------+
+-+--------------+------------+----------+
---------------------------------------------------------------------------------
Start RTL Component Statistics 
---------------------------------------------------------------------------------
Detailed RTL Component Info : 
+---Adders : 
	   2 Input      1 Bit       Adders := 16    
	   3 Input      1 Bit       Adders := 8     
	   4 Input      1 Bit       Adders := 4     
	   6 Input      1 Bit       Adders := 4     
	  10 Input      1 Bit       Adders := 4     
+---XORs : 
	   2 Input      1 Bit         XORs := 10    
	   4 Input      1 Bit         XORs := 1     
	   3 Input      1 Bit         XORs := 1     
	  11 Input      1 Bit         XORs := 1     
---------------------------------------------------------------------------------
Finished RTL Component Statistics 
---------------------------------------------------------------------------------
---------------------------------------------------------------------------------
Start RTL Hierarchical Component Statistics 
---------------------------------------------------------------------------------
Hierarchical RTL Component report 
Module CountSec 
Detailed RTL Component Info : 
+---XORs : 
	   2 Input      1 Bit         XORs := 2     
	   4 Input      1 Bit         XORs := 1     
	   3 Input      1 Bit         XORs := 1     
	  11 Input      1 Bit         XORs := 1     
Module countUD4L 
Detailed RTL Component Info : 
+---Adders : 
	   2 Input      1 Bit       Adders := 4     
	   3 Input      1 Bit       Adders := 2     
	   4 Input      1 Bit       Adders := 1     
	   6 Input      1 Bit       Adders := 1     
	  10 Input      1 Bit       Adders := 1     
+---XORs : 
	   2 Input      1 Bit         XORs := 2     
---------------------------------------------------------------------------------
Finished RTL Hierarchical Component Statistics
---------------------------------------------------------------------------------
---------------------------------------------------------------------------------
Start Part Resource Summary
---------------------------------------------------------------------------------
Part Resources:
DSPs: 90 (col length:60)
BRAMs: 100 (col length: RAMB18 60 RAMB36 30)
---------------------------------------------------------------------------------
Finished Part Resource Summary
---------------------------------------------------------------------------------
---------------------------------------------------------------------------------
Start Cross Boundary and Area Optimization
---------------------------------------------------------------------------------
Warning: Parallel synthesis criteria is not met 
WARNING: [Synth 8-3917] design Top has port dp driven by constant 1
WARNING: [Synth 8-3917] design Top has port led[14] driven by constant 0
WARNING: [Synth 8-3917] design Top has port led[13] driven by constant 0
WARNING: [Synth 8-3917] design Top has port led[12] driven by constant 0
WARNING: [Synth 8-3917] design Top has port led[11] driven by constant 0
WARNING: [Synth 8-3917] design Top has port led[10] driven by constant 0
WARNING: [Synth 8-3917] design Top has port led[8] driven by constant 0
WARNING: [Synth 8-3917] design Top has port led[7] driven by constant 0
WARNING: [Synth 8-3917] design Top has port led[6] driven by constant 0
WARNING: [Synth 8-3917] design Top has port led[5] driven by constant 0
WARNING: [Synth 8-3917] design Top has port led[4] driven by constant 0
WARNING: [Synth 8-3917] design Top has port led[3] driven by constant 0
WARNING: [Synth 8-3917] design Top has port led[2] driven by constant 0
WARNING: [Synth 8-3917] design Top has port led[1] driven by constant 0
WARNING: [Synth 8-3917] design Top has port led[0] driven by constant 0
WARNING: [Synth 8-3332] Sequential element (slowit/slowclk/XLXI_44/I_Q2/I_36_35) is unused and will be removed from module Top.
WARNING: [Synth 8-3332] Sequential element (slowit/slowclk/XLXI_44/I_Q3/I_36_35) is unused and will be removed from module Top.
WARNING: [Synth 8-3332] Sequential element (turkeyc/count4/Q3_FF) is unused and will be removed from module Top.
---------------------------------------------------------------------------------
Finished Cross Boundary and Area Optimization : Time (s): cpu = 00:00:23 ; elapsed = 00:00:25 . Memory (MB): peak = 985.730 ; gain = 370.297
---------------------------------------------------------------------------------

Report RTL Partitions: 
+-+--------------+------------+----------+
| |RTL Partition |Replication |Instances |
+-+--------------+------------+----------+
+-+--------------+------------+----------+
---------------------------------------------------------------------------------
Start Applying XDC Timing Constraints
---------------------------------------------------------------------------------
---------------------------------------------------------------------------------
Finished Applying XDC Timing Constraints : Time (s): cpu = 00:00:36 ; elapsed = 00:00:38 . Memory (MB): peak = 985.730 ; gain = 370.297
---------------------------------------------------------------------------------
---------------------------------------------------------------------------------
Start Timing Optimization
---------------------------------------------------------------------------------
---------------------------------------------------------------------------------
Finished Timing Optimization : Time (s): cpu = 00:00:36 ; elapsed = 00:00:38 . Memory (MB): peak = 985.730 ; gain = 370.297
---------------------------------------------------------------------------------

Report RTL Partitions: 
+-+--------------+------------+----------+
| |RTL Partition |Replication |Instances |
+-+--------------+------------+----------+
+-+--------------+------------+----------+
---------------------------------------------------------------------------------
Start Technology Mapping
---------------------------------------------------------------------------------
---------------------------------------------------------------------------------
Finished Technology Mapping : Time (s): cpu = 00:00:36 ; elapsed = 00:00:38 . Memory (MB): peak = 985.730 ; gain = 370.297
---------------------------------------------------------------------------------

Report RTL Partitions: 
+-+--------------+------------+----------+
| |RTL Partition |Replication |Instances |
+-+--------------+------------+----------+
+-+--------------+------------+----------+
---------------------------------------------------------------------------------
Start IO Insertion
---------------------------------------------------------------------------------
---------------------------------------------------------------------------------
Start Flattening Before IO Insertion
---------------------------------------------------------------------------------
---------------------------------------------------------------------------------
Finished Flattening Before IO Insertion
---------------------------------------------------------------------------------
---------------------------------------------------------------------------------
Start Final Netlist Cleanup
---------------------------------------------------------------------------------
---------------------------------------------------------------------------------
Finished Final Netlist Cleanup
---------------------------------------------------------------------------------
---------------------------------------------------------------------------------
Finished IO Insertion : Time (s): cpu = 00:00:39 ; elapsed = 00:00:42 . Memory (MB): peak = 985.730 ; gain = 370.297
---------------------------------------------------------------------------------

Report Check Netlist: 
+------+------------------+-------+---------+-------+------------------+
|      |Item              |Errors |Warnings |Status |Description       |
+------+------------------+-------+---------+-------+------------------+
|1     |multi_driven_nets |      0|        0|Passed |Multi driven nets |
+------+------------------+-------+---------+-------+------------------+
---------------------------------------------------------------------------------
Start Renaming Generated Instances
---------------------------------------------------------------------------------
---------------------------------------------------------------------------------
Finished Renaming Generated Instances : Time (s): cpu = 00:00:39 ; elapsed = 00:00:42 . Memory (MB): peak = 985.730 ; gain = 370.297
---------------------------------------------------------------------------------

Report RTL Partitions: 
+-+--------------+------------+----------+
| |RTL Partition |Replication |Instances |
+-+--------------+------------+----------+
+-+--------------+------------+----------+
---------------------------------------------------------------------------------
Start Rebuilding User Hierarchy
---------------------------------------------------------------------------------
---------------------------------------------------------------------------------
Finished Rebuilding User Hierarchy : Time (s): cpu = 00:00:39 ; elapsed = 00:00:42 . Memory (MB): peak = 985.730 ; gain = 370.297
---------------------------------------------------------------------------------
---------------------------------------------------------------------------------
Start Renaming Generated Ports
---------------------------------------------------------------------------------
---------------------------------------------------------------------------------
Finished Renaming Generated Ports : Time (s): cpu = 00:00:39 ; elapsed = 00:00:42 . Memory (MB): peak = 985.730 ; gain = 370.297
---------------------------------------------------------------------------------
---------------------------------------------------------------------------------
Start Handling Custom Attributes
---------------------------------------------------------------------------------
---------------------------------------------------------------------------------
Finished Handling Custom Attributes : Time (s): cpu = 00:00:39 ; elapsed = 00:00:42 . Memory (MB): peak = 985.730 ; gain = 370.297
---------------------------------------------------------------------------------
---------------------------------------------------------------------------------
Start Renaming Generated Nets
---------------------------------------------------------------------------------
---------------------------------------------------------------------------------
Finished Renaming Generated Nets : Time (s): cpu = 00:00:39 ; elapsed = 00:00:42 . Memory (MB): peak = 985.730 ; gain = 370.297
---------------------------------------------------------------------------------
---------------------------------------------------------------------------------
Start Writing Synthesis Report
---------------------------------------------------------------------------------

Report BlackBoxes: 
+-+--------------+----------+
| |BlackBox name |Instances |
+-+--------------+----------+
+-+--------------+----------+

Report Cell Usage: 
+------+-----------+------+
|      |Cell       |Count |
+------+-----------+------+
|1     |AND2       |     9|
|2     |AND3       |     6|
|3     |AND4       |     4|
|4     |BUF        |     3|
|5     |BUFG       |     3|
|6     |LUT1       |     4|
|7     |LUT2       |     7|
|8     |LUT3       |    63|
|9     |LUT4       |    11|
|10    |LUT5       |    21|
|11    |LUT6       |    18|
|12    |MMCME2_ADV |     1|
|13    |STARTUPE2  |     1|
|14    |XOR2       |    22|
|15    |FDCE       |    22|
|16    |FDRE       |    85|
|17    |IBUF       |     4|
|18    |OBUF       |    28|
+------+-----------+------+

Report Instance Areas: 
+------+----------------+--------------------------+------+
|      |Instance        |Module                    |Cells |
+------+----------------+--------------------------+------+
|1     |top             |                          |   312|
|2     |  counttimer    |CountSec                  |   133|
|3     |  ring          |RingCount                 |    13|
|4     |  slowit        |lab6_clks                 |    72|
|5     |    my_clk_inst |clk_wiz_0                 |     4|
|6     |    slowclk     |clkcntrl4                 |    67|
|7     |      XLXI_37   |CB4CE_MXILINX_clkcntrl4   |    12|
|8     |        I_Q0    |FTCE_MXILINX_clkcntrl4_25 |     2|
|9     |        I_Q1    |FTCE_MXILINX_clkcntrl4_26 |     2|
|10    |        I_Q2    |FTCE_MXILINX_clkcntrl4_27 |     2|
|11    |        I_Q3    |FTCE_MXILINX_clkcntrl4_28 |     2|
|12    |      XLXI_38   |CB4CE_MXILINX_clkcntrl4_3 |    12|
|13    |        I_Q0    |FTCE_MXILINX_clkcntrl4_21 |     2|
|14    |        I_Q1    |FTCE_MXILINX_clkcntrl4_22 |     2|
|15    |        I_Q2    |FTCE_MXILINX_clkcntrl4_23 |     2|
|16    |        I_Q3    |FTCE_MXILINX_clkcntrl4_24 |     2|
|17    |      XLXI_39   |CB4CE_MXILINX_clkcntrl4_4 |    10|
|18    |        I_Q0    |FTCE_MXILINX_clkcntrl4_17 |     2|
|19    |        I_Q1    |FTCE_MXILINX_clkcntrl4_18 |     2|
|20    |        I_Q2    |FTCE_MXILINX_clkcntrl4_19 |     2|
|21    |        I_Q3    |FTCE_MXILINX_clkcntrl4_20 |     2|
|22    |      XLXI_40   |CB4CE_MXILINX_clkcntrl4_5 |    12|
|23    |        I_Q0    |FTCE_MXILINX_clkcntrl4_13 |     2|
|24    |        I_Q1    |FTCE_MXILINX_clkcntrl4_14 |     2|
|25    |        I_Q2    |FTCE_MXILINX_clkcntrl4_15 |     2|
|26    |        I_Q3    |FTCE_MXILINX_clkcntrl4_16 |     2|
|27    |      XLXI_44   |CB4CE_MXILINX_clkcntrl4_6 |     4|
|28    |        I_Q0    |FTCE_MXILINX_clkcntrl4_11 |     2|
|29    |        I_Q1    |FTCE_MXILINX_clkcntrl4_12 |     2|
|30    |      XLXI_45   |CB4CE_MXILINX_clkcntrl4_7 |    12|
|31    |        I_Q0    |FTCE_MXILINX_clkcntrl4    |     2|
|32    |        I_Q1    |FTCE_MXILINX_clkcntrl4_8  |     2|
|33    |        I_Q2    |FTCE_MXILINX_clkcntrl4_9  |     2|
|34    |        I_Q3    |FTCE_MXILINX_clkcntrl4_10 |     2|
|35    |  sta           |StateM                    |    15|
|36    |  turkeyc       |fatbitcount               |    45|
|37    |    count1      |countUD4L                 |    13|
|38    |    count2      |countUD4L_0               |    12|
|39    |    count3      |countUD4L_1               |    13|
|40    |    count4      |countUD4L_2               |     7|
+------+----------------+--------------------------+------+
---------------------------------------------------------------------------------
Finished Writing Synthesis Report : Time (s): cpu = 00:00:39 ; elapsed = 00:00:42 . Memory (MB): peak = 985.730 ; gain = 370.297
---------------------------------------------------------------------------------
Synthesis finished with 0 errors, 0 critical warnings and 18 warnings.
Synthesis Optimization Runtime : Time (s): cpu = 00:00:26 ; elapsed = 00:00:37 . Memory (MB): peak = 985.730 ; gain = 242.242
Synthesis Optimization Complete : Time (s): cpu = 00:00:39 ; elapsed = 00:00:42 . Memory (MB): peak = 985.730 ; gain = 370.297
INFO: [Project 1-571] Translating synthesized netlist
INFO: [Netlist 29-17] Analyzing 46 Unisim elements for replacement
INFO: [Netlist 29-28] Unisim Transformation completed in 0 CPU seconds
INFO: [Project 1-570] Preparing netlist for logic optimization
INFO: [Opt 31-138] Pushed 0 inverter(s) to 0 load pin(s).
Netlist sorting complete. Time (s): cpu = 00:00:00 ; elapsed = 00:00:00.001 . Memory (MB): peak = 994.832 ; gain = 0.000
INFO: [Project 1-111] Unisim Transformation Summary:
  A total of 44 instances were transformed.
  AND2 => LUT2: 9 instances
  AND3 => LUT3: 6 instances
  AND4 => LUT4: 4 instances
  BUF => LUT1: 3 instances
  XOR2 => LUT2: 22 instances

INFO: [Common 17-83] Releasing license: Synthesis
69 Infos, 111 Warnings, 0 Critical Warnings and 0 Errors encountered.
synth_design completed successfully
synth_design: Time (s): cpu = 00:00:48 ; elapsed = 00:00:53 . Memory (MB): peak = 994.832 ; gain = 641.414
Netlist sorting complete. Time (s): cpu = 00:00:00 ; elapsed = 00:00:00 . Memory (MB): peak = 994.832 ; gain = 0.000
WARNING: [Constraints 18-5210] No constraints selected for write.
Resolution: This message can indicate that there are no constraints for the design, or it can indicate that the used_in flags are set such that the constraints are ignored. This later case is used when running synth_design to not write synthesis constraints to the resulting checkpoint. Instead, project constraints are read when the synthesized design is opened.
INFO: [Common 17-1381] The checkpoint 'C:/Users/pshand/Desktop/Lab_6/Lab_6.runs/synth_1/Top.dcp' has been generated.
INFO: [runtcl-4] Executing : report_utilization -file Top_utilization_synth.rpt -pb Top_utilization_synth.pb
INFO: [Common 17-206] Exiting Vivado at Tue Nov  9 13:57:13 2021...
