INFO: [VRFC 10-2263] Analyzing Verilog file "C:/Users/pshand/Desktop/Lab_5/Lab_5.srcs/sources_1/new/CountSec.v" into library xil_defaultlib
INFO: [VRFC 10-311] analyzing module CountSec
INFO: [VRFC 10-2263] Analyzing Verilog file "C:/Users/pshand/Desktop/Lab_5/Lab_5.srcs/sources_1/new/Counter.v" into library xil_defaultlib
INFO: [VRFC 10-311] analyzing module countUD4L
INFO: [VRFC 10-311] analyzing module fatbitcount
INFO: [VRFC 10-2263] Analyzing Verilog file "C:/Users/pshand/Desktop/Lab_5/Lab_5.srcs/sources_1/new/LED_Shifter.v" into library xil_defaultlib
INFO: [VRFC 10-311] analyzing module LED_Shifter
INFO: [VRFC 10-2263] Analyzing Verilog file "C:/Users/pshand/Desktop/Lab_5/Lab_5.srcs/sources_1/imports/new/Multiplexers.v" into library xil_defaultlib
INFO: [VRFC 10-311] analyzing module m4_1
INFO: [VRFC 10-311] analyzing module m8_1
INFO: [VRFC 10-311] analyzing module m2_1x8
INFO: [VRFC 10-2263] Analyzing Verilog file "C:/Users/pshand/Desktop/Lab_5/Lab_5.srcs/sources_1/new/RNG.v" into library xil_defaultlib
INFO: [VRFC 10-311] analyzing module LFSR
INFO: [VRFC 10-2263] Analyzing Verilog file "C:/Users/pshand/Desktop/Lab_5/Lab_5.srcs/sources_1/imports/new/RingCount.v" into library xil_defaultlib
INFO: [VRFC 10-311] analyzing module RingCount
INFO: [VRFC 10-2263] Analyzing Verilog file "C:/Users/pshand/Desktop/Lab_5/Lab_5.srcs/sources_1/imports/new/Selector.v" into library xil_defaultlib
INFO: [VRFC 10-311] analyzing module Selector
INFO: [VRFC 10-2263] Analyzing Verilog file "C:/Users/pshand/Desktop/Lab_5/Lab_5.srcs/sources_1/new/StateMachine.v" into library xil_defaultlib
INFO: [VRFC 10-311] analyzing module StateMachine
INFO: [VRFC 10-2263] Analyzing Verilog file "C:/Users/pshand/Desktop/Lab_5/Lab_5.srcs/sources_1/new/Top.v" into library xil_defaultlib
INFO: [VRFC 10-311] analyzing module Top
INFO: [VRFC 10-2263] Analyzing Verilog file "C:/Users/pshand/Desktop/Lab_5/Lab_5.srcs/sources_1/imports/new/hex7seg.v" into library xil_defaultlib
INFO: [VRFC 10-311] analyzing module hex7seg
INFO: [VRFC 10-2263] Analyzing Verilog file "C:/Users/pshand/Desktop/Lab_5/Lab_5.srcs/sources_1/imports/Desktop/lab5_clks.v" into library xil_defaultlib
INFO: [VRFC 10-311] analyzing module lab5_clks
INFO: [VRFC 10-311] analyzing module clk_wiz_0
INFO: [VRFC 10-311] analyzing module clkcntrl4
INFO: [VRFC 10-2458] undeclared symbol XLXN_78, assumed default net type wire [C:/Users/pshand/Desktop/Lab_5/Lab_5.srcs/sources_1/imports/Desktop/lab5_clks.v:247]
INFO: [VRFC 10-2458] undeclared symbol qsec0, assumed default net type wire [C:/Users/pshand/Desktop/Lab_5/Lab_5.srcs/sources_1/imports/Desktop/lab5_clks.v:268]
INFO: [VRFC 10-2458] undeclared symbol qsec2, assumed default net type wire [C:/Users/pshand/Desktop/Lab_5/Lab_5.srcs/sources_1/imports/Desktop/lab5_clks.v:269]
INFO: [VRFC 10-2458] undeclared symbol qsec3, assumed default net type wire [C:/Users/pshand/Desktop/Lab_5/Lab_5.srcs/sources_1/imports/Desktop/lab5_clks.v:278]
INFO: [VRFC 10-311] analyzing module FTCE_MXILINX_clkcntrl4
INFO: [VRFC 10-311] analyzing module CB4CE_MXILINX_clkcntrl4
INFO: [VRFC 10-2263] Analyzing Verilog file "C:/Users/pshand/Desktop/Lab_5/Lab_5.srcs/sim_1/imports/Desktop/lab2_7seg_testbench.v" into library xil_defaultlib
INFO: [VRFC 10-311] analyzing module lab2_7Seg_testbench
INFO: [VRFC 10-2458] undeclared symbol D7Seg0, assumed default net type wire [C:/Users/pshand/Desktop/Lab_5/Lab_5.srcs/sim_1/imports/Desktop/lab2_7seg_testbench.v:46]
INFO: [VRFC 10-2458] undeclared symbol D7Seg1, assumed default net type wire [C:/Users/pshand/Desktop/Lab_5/Lab_5.srcs/sim_1/imports/Desktop/lab2_7seg_testbench.v:46]
INFO: [VRFC 10-2458] undeclared symbol D7Seg2, assumed default net type wire [C:/Users/pshand/Desktop/Lab_5/Lab_5.srcs/sim_1/imports/Desktop/lab2_7seg_testbench.v:46]
INFO: [VRFC 10-2458] undeclared symbol D7Seg3, assumed default net type wire [C:/Users/pshand/Desktop/Lab_5/Lab_5.srcs/sim_1/imports/Desktop/lab2_7seg_testbench.v:46]
INFO: [VRFC 10-311] analyzing module show_7segDisplay
INFO: [VRFC 10-2263] Analyzing Verilog file "C:/Users/pshand/Desktop/Lab_5/Lab_5.sim/sim_1/behav/xsim/glbl.v" into library xil_defaultlib
INFO: [VRFC 10-311] analyzing module glbl
